<?xml version="1.0" encoding="UTF-8"?>
<testng-results ignored="0" total="1" passed="1" failed="0" skipped="0">
  <reporter-output>
  </reporter-output>
  <suite started-at="2022-08-24T01:14:31 EDT" name="Default suite" finished-at="2022-08-24T01:14:37 EDT" duration-ms="5651">
    <groups>
    </groups>
    <test started-at="2022-08-24T01:14:31 EDT" name="Default test" finished-at="2022-08-24T01:14:37 EDT" duration-ms="5651">
      <class name="example.NewTest">
        <test-method is-config="true" signature="beforeTest()[pri:0, instance:example.NewTest@74751b3]" started-at="2022-08-24T01:14:31 EDT" name="beforeTest" finished-at="2022-08-24T01:14:34 EDT" duration-ms="3006" status="PASS">
          <reporter-output>
          </reporter-output>
        </test-method> <!-- beforeTest -->
        <test-method signature="testEasy()[pri:0, instance:example.NewTest@74751b3]" started-at="2022-08-24T01:14:34 EDT" name="testEasy" finished-at="2022-08-24T01:14:36 EDT" duration-ms="1847" status="PASS">
          <reporter-output>
          </reporter-output>
        </test-method> <!-- testEasy -->
        <test-method is-config="true" signature="afterTest()[pri:0, instance:example.NewTest@74751b3]" started-at="2022-08-24T01:14:36 EDT" name="afterTest" finished-at="2022-08-24T01:14:37 EDT" duration-ms="758" status="PASS">
          <reporter-output>
          </reporter-output>
        </test-method> <!-- afterTest -->
      </class> <!-- example.NewTest -->
    </test> <!-- Default test -->
  </suite> <!-- Default suite -->
</testng-results>
